<?xml version="1.0" encoding="UTF-8"?>
<testsuite name="MainTest" tests="1" skipped="0" failures="0" errors="0" timestamp="2017-12-04T00:25:12" hostname="DOdeMacBook-Air.local" time="0.002">
  <properties/>
  <testcase name="testAppHasAGreeting" classname="MainTest" time="0.002"/>
  <system-out><![CDATA[]]></system-out>
  <system-err><![CDATA[]]></system-err>
</testsuite>
